{"meta": {"format": 3, "version": "7.10.7", "timestamp": "2026-03-20T10:20:14.480263", "branch_coverage": false, "show_contexts": false}, "files": {"hexwar/__init__.py": {"executed_lines": [1], "summary": {"covered_lines": 0, "num_statements": 0, "percent_covered": 100.0, "percent_covered_display": "100", "missing_lines": 0, "excluded_lines": 0}, "missing_lines": [], "excluded_lines": [], "functions": {"": {"executed_lines": [1], "summary": {"covered_lines": 0, "num_statements": 0, "percent_covered": 100.0, "percent_covered_display": "100", "missing_lines": 0, "excluded_lines": 0}, "missing_lines": [], "excluded_lines": []}}, "classes": {"": {"executed_lines": [1], "summary": {"covered_lines": 0, "num_statements": 0, "percent_covered": 100.0, "percent_covered_display": "100", "missing_lines": 0, "excluded_lines": 0}, "missing_lines": [], "excluded_lines": []}}}, "hexwar/agents/__init__.py": {"executed_lines": [1], "summary": {"covered_lines": 0, "num_statements": 0, "percent_covered": 100.0, "percent_covered_display": "100", "missing_lines": 0, "excluded_lines": 0}, "missing_lines": [], "excluded_lines": [], "functions": {"": {"executed_lines": [1], "summary": {"covered_lines": 0, "num_statements": 0, "percent_covered": 100.0, "percent_covered_display": "100", "missing_lines": 0, "excluded_lines": 0}, "missing_lines": [], "excluded_lines": []}}, "classes": {"": {"executed_lines": [1], "summary": {"covered_lines": 0, "num_statements": 0, "percent_covered": 100.0, "percent_covered_display": "100", "missing_lines": 0, "excluded_lines": 0}, "missing_lines": [], "excluded_lines": []}}}, "hexwar/agents/base_agent.py": {"executed_lines": [1, 11, 13, 15, 18, 19, 21, 22, 44], "summary": {"covered_lines": 7, "num_statements": 7, "percent_covered": 100.0, "percent_covered_display": "100", "missing_lines": 0, "excluded_lines": 2}, "missing_lines": [], "excluded_lines": [42, 43], "functions": {"BaseAgent.__call__": {"executed_lines": [], "summary": {"covered_lines": 0, "num_statements": 0, "percent_covered": 100.0, "percent_covered_display": "100", "missing_lines": 0, "excluded_lines": 1}, "missing_lines": [], "excluded_lines": [42]}, "BaseAgent.reset": {"executed_lines": [], "summary": {"covered_lines": 0, "num_statements": 0, "percent_covered": 100.0, "percent_covered_display": "100", "missing_lines": 0, "excluded_lines": 0}, "missing_lines": [], "excluded_lines": []}, "": {"executed_lines": [1, 11, 13, 15, 18, 19, 21, 22, 44], "summary": {"covered_lines": 7, "num_statements": 7, "percent_covered": 100.0, "percent_covered_display": "100", "missing_lines": 0, "excluded_lines": 1}, "missing_lines": [], "excluded_lines": [43]}}, "classes": {"BaseAgent": {"executed_lines": [], "summary": {"covered_lines": 0, "num_statements": 0, "percent_covered": 100.0, "percent_covered_display": "100", "missing_lines": 0, "excluded_lines": 1}, "missing_lines": [], "excluded_lines": [42]}, "": {"executed_lines": [1, 11, 13, 15, 18, 19, 21, 22, 44], "summary": {"covered_lines": 7, "num_statements": 7, "percent_covered": 100.0, "percent_covered_display": "100", "missing_lines": 0, "excluded_lines": 1}, "missing_lines": [], "excluded_lines": [43]}}}, "hexwar/agents/evolutionary/__init__.py": {"executed_lines": [], "summary": {"covered_lines": 0, "num_statements": 0, "percent_covered": 100.0, "percent_covered_display": "100", "missing_lines": 0, "excluded_lines": 0}, "missing_lines": [], "excluded_lines": [], "functions": {"": {"executed_lines": [], "summary": {"covered_lines": 0, "num_statements": 0, "percent_covered": 100.0, "percent_covered_display": "100", "missing_lines": 0, "excluded_lines": 0}, "missing_lines": [], "excluded_lines": []}}, "classes": {"": {"executed_lines": [], "summary": {"covered_lines": 0, "num_statements": 0, "percent_covered": 100.0, "percent_covered_display": "100", "missing_lines": 0, "excluded_lines": 0}, "missing_lines": [], "excluded_lines": []}}}, "hexwar/agents/evolutionary/cmaes_train.py": {"executed_lines": [], "summary": {"covered_lines": 0, "num_statements": 93, "percent_covered": 0.0, "percent_covered_display": "0", "missing_lines": 93, "excluded_lines": 0}, "missing_lines": [18, 20, 21, 22, 23, 25, 26, 27, 28, 29, 31, 32, 38, 39, 40, 41, 42, 43, 46, 72, 73, 75, 76, 78, 79, 80, 81, 82, 83, 84, 85, 87, 88, 89, 90, 92, 94, 95, 96, 98, 99, 100, 101, 102, 104, 106, 107, 109, 110, 113, 121, 122, 124, 126, 127, 130, 131, 132, 133, 135, 136, 137, 138, 139, 141, 150, 151, 152, 154, 155, 157, 158, 159, 160, 161, 162, 165, 166, 167, 168, 171, 172, 174, 175, 176, 177, 178, 179, 180, 181, 182, 183, 185], "excluded_lines": [], "functions": {"train": {"executed_lines": [], "summary": {"covered_lines": 0, "num_statements": 57, "percent_covered": 0.0, "percent_covered_display": "0", "missing_lines": 57, "excluded_lines": 0}, "missing_lines": [72, 73, 75, 76, 78, 79, 80, 81, 82, 83, 84, 85, 87, 88, 89, 90, 92, 94, 95, 96, 98, 99, 100, 101, 102, 104, 106, 107, 109, 110, 113, 121, 122, 124, 126, 127, 130, 131, 132, 133, 135, 136, 137, 138, 139, 141, 150, 151, 152, 154, 155, 157, 158, 159, 160, 161, 162], "excluded_lines": []}, "_save_checkpoint": {"executed_lines": [], "summary": {"covered_lines": 0, "num_statements": 3, "percent_covered": 0.0, "percent_covered_display": "0", "missing_lines": 3, "excluded_lines": 0}, "missing_lines": [166, 167, 168], "excluded_lines": []}, "": {"executed_lines": [], "summary": {"covered_lines": 0, "num_statements": 33, "percent_covered": 0.0, "percent_covered_display": "0", "missing_lines": 33, "excluded_lines": 0}, "missing_lines": [18, 20, 21, 22, 23, 25, 26, 27, 28, 29, 31, 32, 38, 39, 40, 41, 42, 43, 46, 165, 171, 172, 174, 175, 176, 177, 178, 179, 180, 181, 182, 183, 185], "excluded_lines": []}}, "classes": {"": {"executed_lines": [], "summary": {"covered_lines": 0, "num_statements": 93, "percent_covered": 0.0, "percent_covered_display": "0", "missing_lines": 93, "excluded_lines": 0}, "missing_lines": [18, 20, 21, 22, 23, 25, 26, 27, 28, 29, 31, 32, 38, 39, 40, 41, 42, 43, 46, 72, 73, 75, 76, 78, 79, 80, 81, 82, 83, 84, 85, 87, 88, 89, 90, 92, 94, 95, 96, 98, 99, 100, 101, 102, 104, 106, 107, 109, 110, 113, 121, 122, 124, 126, 127, 130, 131, 132, 133, 135, 136, 137, 138, 139, 141, 150, 151, 152, 154, 155, 157, 158, 159, 160, 161, 162, 165, 166, 167, 168, 171, 172, 174, 175, 176, 177, 178, 179, 180, 181, 182, 183, 185], "excluded_lines": []}}}, "hexwar/agents/evolutionary/fitness.py": {"executed_lines": [], "summary": {"covered_lines": 0, "num_statements": 68, "percent_covered": 0.0, "percent_covered_display": "0", "missing_lines": 68, "excluded_lines": 0}, "missing_lines": [19, 21, 22, 23, 24, 26, 27, 28, 29, 32, 33, 34, 35, 36, 37, 44, 56, 57, 58, 59, 61, 62, 63, 64, 71, 86, 87, 88, 92, 93, 94, 96, 97, 98, 99, 101, 113, 142, 143, 145, 148, 150, 152, 153, 154, 155, 156, 161, 163, 164, 165, 168, 169, 170, 171, 172, 173, 174, 175, 181, 188, 194, 195, 196, 197, 198, 200, 201], "excluded_lines": [], "functions": {"_run_one_game": {"executed_lines": [], "summary": {"covered_lines": 0, "num_statements": 8, "percent_covered": 0.0, "percent_covered_display": "0", "missing_lines": 8, "excluded_lines": 0}, "missing_lines": [56, 57, 58, 59, 61, 62, 63, 64], "excluded_lines": []}, "evaluate_weights": {"executed_lines": [], "summary": {"covered_lines": 0, "num_statements": 11, "percent_covered": 0.0, "percent_covered_display": "0", "missing_lines": 11, "excluded_lines": 0}, "missing_lines": [86, 87, 88, 92, 93, 94, 96, 97, 98, 99, 101], "excluded_lines": []}, "evaluate_generation": {"executed_lines": [], "summary": {"covered_lines": 0, "num_statements": 23, "percent_covered": 0.0, "percent_covered_display": "0", "missing_lines": 23, "excluded_lines": 0}, "missing_lines": [142, 143, 145, 148, 150, 152, 153, 154, 155, 156, 161, 163, 164, 165, 168, 169, 170, 171, 172, 173, 174, 175, 181], "excluded_lines": []}, "_build_agents": {"executed_lines": [], "summary": {"covered_lines": 0, "num_statements": 7, "percent_covered": 0.0, "percent_covered_display": "0", "missing_lines": 7, "excluded_lines": 0}, "missing_lines": [194, 195, 196, 197, 198, 200, 201], "excluded_lines": []}, "": {"executed_lines": [], "summary": {"covered_lines": 0, "num_statements": 19, "percent_covered": 0.0, "percent_covered_display": "0", "missing_lines": 19, "excluded_lines": 0}, "missing_lines": [19, 21, 22, 23, 24, 26, 27, 28, 29, 32, 33, 34, 35, 36, 37, 44, 71, 113, 188], "excluded_lines": []}}, "classes": {"FitnessResult": {"executed_lines": [], "summary": {"covered_lines": 0, "num_statements": 0, "percent_covered": 100.0, "percent_covered_display": "100", "missing_lines": 0, "excluded_lines": 0}, "missing_lines": [], "excluded_lines": []}, "": {"executed_lines": [], "summary": {"covered_lines": 0, "num_statements": 68, "percent_covered": 0.0, "percent_covered_display": "0", "missing_lines": 68, "excluded_lines": 0}, "missing_lines": [19, 21, 22, 23, 24, 26, 27, 28, 29, 32, 33, 34, 35, 36, 37, 44, 56, 57, 58, 59, 61, 62, 63, 64, 71, 86, 87, 88, 92, 93, 94, 96, 97, 98, 99, 101, 113, 142, 143, 145, 148, 150, 152, 153, 154, 155, 156, 161, 163, 164, 165, 168, 169, 170, 171, 172, 173, 174, 175, 181, 188, 194, 195, 196, 197, 198, 200, 201], "excluded_lines": []}}}, "hexwar/agents/greedy_agent.py": {"executed_lines": [1, 23, 25, 26, 27, 29, 30, 31, 41, 52, 55, 56, 57, 58, 59, 62, 63, 73, 78, 79, 80, 81, 87, 94, 95, 96, 98, 100, 101, 102, 103, 105, 108, 109, 111, 112, 113, 115, 117, 118, 119, 120, 121, 126, 127, 128, 132, 133, 135, 147, 148, 150, 151, 157, 163, 175, 176, 179, 180, 183, 186, 189, 192, 193, 195, 198, 199, 201, 202, 205, 206, 212, 215, 217, 228, 234, 235, 236, 238, 239, 240, 242], "summary": {"covered_lines": 80, "num_statements": 81, "percent_covered": 98.76543209876543, "percent_covered_display": "99", "missing_lines": 1, "excluded_lines": 0}, "missing_lines": [241], "excluded_lines": [], "functions": {"GreedyAgent.__init__": {"executed_lines": [78, 79, 80, 81], "summary": {"covered_lines": 4, "num_statements": 4, "percent_covered": 100.0, "percent_covered_display": "100", "missing_lines": 0, "excluded_lines": 0}, "missing_lines": [], "excluded_lines": []}, "GreedyAgent.__call__": {"executed_lines": [94, 95, 96, 98, 100, 101, 102, 103, 105, 108, 109, 111, 112, 113, 115, 117, 118, 119, 120, 121, 126, 127, 128, 132, 133, 135, 147, 148, 150, 151, 157], "summary": {"covered_lines": 31, "num_statements": 31, "percent_covered": 100.0, "percent_covered_display": "100", "missing_lines": 0, "excluded_lines": 0}, "missing_lines": [], "excluded_lines": []}, "GreedyAgent._score_move": {"executed_lines": [175, 176, 179, 180, 183, 186, 189, 192, 193, 195, 198, 199, 201, 202, 205, 206, 212, 215, 217, 228], "summary": {"covered_lines": 20, "num_statements": 20, "percent_covered": 100.0, "percent_covered_display": "100", "missing_lines": 0, "excluded_lines": 0}, "missing_lines": [], "excluded_lines": []}, "GreedyAgent.weights": {"executed_lines": [240, 242], "summary": {"covered_lines": 2, "num_statements": 3, "percent_covered": 66.66666666666667, "percent_covered_display": "67", "missing_lines": 1, "excluded_lines": 0}, "missing_lines": [241], "excluded_lines": []}, "": {"executed_lines": [1, 23, 25, 26, 27, 29, 30, 31, 41, 52, 55, 56, 57, 58, 59, 62, 63, 73, 87, 163, 234, 235, 238, 239], "summary": {"covered_lines": 22, "num_statements": 22, "percent_covered": 100.0, "percent_covered_display": "100", "missing_lines": 0, "excluded_lines": 0}, "missing_lines": [], "excluded_lines": []}}, "classes": {"_Move": {"executed_lines": [], "summary": {"covered_lines": 0, "num_statements": 0, "percent_covered": 100.0, "percent_covered_display": "100", "missing_lines": 0, "excluded_lines": 0}, "missing_lines": [], "excluded_lines": []}, "GreedyAgent": {"executed_lines": [78, 79, 80, 81, 94, 95, 96, 98, 100, 101, 102, 103, 105, 108, 109, 111, 112, 113, 115, 117, 118, 119, 120, 121, 126, 127, 128, 132, 133, 135, 147, 148, 150, 151, 157, 175, 176, 179, 180, 183, 186, 189, 192, 193, 195, 198, 199, 201, 202, 205, 206, 212, 215, 217, 228, 236, 240, 242], "summary": {"covered_lines": 58, "num_statements": 59, "percent_covered": 98.30508474576271, "percent_covered_display": "98", "missing_lines": 1, "excluded_lines": 0}, "missing_lines": [241], "excluded_lines": []}, "": {"executed_lines": [1, 23, 25, 26, 27, 29, 30, 31, 41, 52, 55, 56, 57, 58, 59, 62, 63, 73, 87, 163, 234, 235, 238, 239], "summary": {"covered_lines": 22, "num_statements": 22, "percent_covered": 100.0, "percent_covered_display": "100", "missing_lines": 0, "excluded_lines": 0}, "missing_lines": [], "excluded_lines": []}}}, "hexwar/agents/neural/__init__.py": {"executed_lines": [1], "summary": {"covered_lines": 0, "num_statements": 0, "percent_covered": 100.0, "percent_covered_display": "100", "missing_lines": 0, "excluded_lines": 0}, "missing_lines": [], "excluded_lines": [], "functions": {"": {"executed_lines": [1], "summary": {"covered_lines": 0, "num_statements": 0, "percent_covered": 100.0, "percent_covered_display": "100", "missing_lines": 0, "excluded_lines": 0}, "missing_lines": [], "excluded_lines": []}}, "classes": {"": {"executed_lines": [1], "summary": {"covered_lines": 0, "num_statements": 0, "percent_covered": 100.0, "percent_covered_display": "100", "missing_lines": 0, "excluded_lines": 0}, "missing_lines": [], "excluded_lines": []}}}, "hexwar/agents/neural/encoder.py": {"executed_lines": [1, 55, 57, 59, 64, 65, 66, 67, 69, 70, 72, 74, 75, 76, 79, 81, 88, 108], "summary": {"covered_lines": 16, "num_statements": 105, "percent_covered": 15.238095238095237, "percent_covered_display": "15", "missing_lines": 89, "excluded_lines": 4}, "missing_lines": [97, 132, 133, 134, 135, 136, 141, 142, 144, 145, 146, 148, 149, 151, 152, 153, 154, 156, 161, 162, 163, 165, 166, 167, 168, 169, 175, 176, 177, 178, 179, 180, 181, 182, 183, 184, 185, 186, 187, 188, 189, 190, 197, 199, 200, 201, 202, 203, 204, 205, 206, 207, 208, 213, 214, 215, 217, 218, 219, 221, 222, 223, 224, 225, 226, 227, 229, 230, 234, 236, 237, 238, 240, 241, 246, 247, 249, 251, 254, 255, 256, 258, 259, 261, 263, 264, 265, 266, 267], "excluded_lines": [59, 60, 61, 62], "functions": {"node_feature_dim": {"executed_lines": [81], "summary": {"covered_lines": 1, "num_statements": 1, "percent_covered": 100.0, "percent_covered_display": "100", "missing_lines": 0, "excluded_lines": 0}, "missing_lines": [], "excluded_lines": []}, "encode_board": {"executed_lines": [], "summary": {"covered_lines": 0, "num_statements": 1, "percent_covered": 0.0, "percent_covered_display": "0", "missing_lines": 1, "excluded_lines": 0}, "missing_lines": [97], "excluded_lines": []}, "encode_board_with_history": {"executed_lines": [], "summary": {"covered_lines": 0, "num_statements": 87, "percent_covered": 0.0, "percent_covered_display": "0", "missing_lines": 87, "excluded_lines": 0}, "missing_lines": [132, 133, 134, 135, 136, 141, 142, 144, 145, 146, 148, 149, 151, 152, 153, 154, 156, 161, 162, 163, 165, 166, 167, 168, 169, 175, 176, 177, 178, 179, 180, 181, 182, 183, 184, 185, 186, 187, 188, 189, 190, 197, 199, 200, 201, 202, 203, 204, 205, 206, 207, 208, 213, 214, 215, 217, 218, 219, 221, 222, 223, 224, 225, 226, 227, 229, 230, 234, 236, 237, 238, 240, 241, 246, 247, 249, 251, 254, 255, 256, 258, 261, 263, 264, 265, 266, 267], "excluded_lines": []}, "encode_board_with_history._pad6": {"executed_lines": [], "summary": {"covered_lines": 0, "num_statements": 1, "percent_covered": 0.0, "percent_covered_display": "0", "missing_lines": 1, "excluded_lines": 0}, "missing_lines": [259], "excluded_lines": []}, "": {"executed_lines": [1, 55, 57, 59, 64, 65, 66, 67, 69, 70, 72, 74, 75, 76, 79, 88, 108], "summary": {"covered_lines": 15, "num_statements": 15, "percent_covered": 100.0, "percent_covered_display": "100", "missing_lines": 0, "excluded_lines": 4}, "missing_lines": [], "excluded_lines": [59, 60, 61, 62]}}, "classes": {"": {"executed_lines": [1, 55, 57, 59, 64, 65, 66, 67, 69, 70, 72, 74, 75, 76, 79, 81, 88, 108], "summary": {"covered_lines": 16, "num_statements": 105, "percent_covered": 15.238095238095237, "percent_covered_display": "15", "missing_lines": 89, "excluded_lines": 4}, "missing_lines": [97, 132, 133, 134, 135, 136, 141, 142, 144, 145, 146, 148, 149, 151, 152, 153, 154, 156, 161, 162, 163, 165, 166, 167, 168, 169, 175, 176, 177, 178, 179, 180, 181, 182, 183, 184, 185, 186, 187, 188, 189, 190, 197, 199, 200, 201, 202, 203, 204, 205, 206, 207, 208, 213, 214, 215, 217, 218, 219, 221, 222, 223, 224, 225, 226, 227, 229, 230, 234, 236, 237, 238, 240, 241, 246, 247, 249, 251, 254, 255, 256, 258, 259, 261, 263, 264, 265, 266, 267], "excluded_lines": [59, 60, 61, 62]}}}, "hexwar/agents/neural/gnn_model.py": {"executed_lines": [], "summary": {"covered_lines": 0, "num_statements": 56, "percent_covered": 0.0, "percent_covered_display": "0", "missing_lines": 56, "excluded_lines": 2}, "missing_lines": [30, 32, 34, 35, 36, 37, 42, 45, 58, 66, 68, 69, 70, 71, 75, 76, 77, 78, 81, 88, 95, 96, 107, 112, 113, 118, 125, 131, 150, 153, 154, 155, 156, 157, 158, 161, 162, 163, 164, 167, 168, 170, 172, 173, 174, 177, 178, 180, 181, 182, 184, 185, 186, 188, 189, 191], "excluded_lines": [39, 40], "functions": {"HexWarGNN.__init__": {"executed_lines": [], "summary": {"covered_lines": 0, "num_statements": 18, "percent_covered": 0.0, "percent_covered_display": "0", "missing_lines": 18, "excluded_lines": 0}, "missing_lines": [66, 68, 69, 70, 71, 75, 76, 77, 78, 81, 88, 95, 96, 107, 112, 113, 118, 125], "excluded_lines": []}, "HexWarGNN.forward": {"executed_lines": [], "summary": {"covered_lines": 0, "num_statements": 28, "percent_covered": 0.0, "percent_covered_display": "0", "missing_lines": 28, "excluded_lines": 0}, "missing_lines": [150, 153, 154, 155, 156, 157, 158, 161, 162, 163, 164, 167, 168, 170, 172, 173, 174, 177, 178, 180, 181, 182, 184, 185, 186, 188, 189, 191], "excluded_lines": []}, "": {"executed_lines": [], "summary": {"covered_lines": 0, "num_statements": 10, "percent_covered": 0.0, "percent_covered_display": "0", "missing_lines": 10, "excluded_lines": 2}, "missing_lines": [30, 32, 34, 35, 36, 37, 42, 45, 58, 131], "excluded_lines": [39, 40]}}, "classes": {"HexWarGNN": {"executed_lines": [], "summary": {"covered_lines": 0, "num_statements": 46, "percent_covered": 0.0, "percent_covered_display": "0", "missing_lines": 46, "excluded_lines": 0}, "missing_lines": [66, 68, 69, 70, 71, 75, 76, 77, 78, 81, 88, 95, 96, 107, 112, 113, 118, 125, 150, 153, 154, 155, 156, 157, 158, 161, 162, 163, 164, 167, 168, 170, 172, 173, 174, 177, 178, 180, 181, 182, 184, 185, 186, 188, 189, 191], "excluded_lines": []}, "": {"executed_lines": [], "summary": {"covered_lines": 0, "num_statements": 10, "percent_covered": 0.0, "percent_covered_display": "0", "missing_lines": 10, "excluded_lines": 2}, "missing_lines": [30, 32, 34, 35, 36, 37, 42, 45, 58, 131], "excluded_lines": [39, 40]}}}, "hexwar/agents/neural/history_buffer.py": {"executed_lines": [1, 25, 27, 28, 30, 33, 36, 37, 52, 53, 55, 56, 58, 68, 69, 70, 71, 73, 80, 82, 90, 92, 96, 103], "summary": {"covered_lines": 22, "num_statements": 24, "percent_covered": 91.66666666666667, "percent_covered_display": "92", "missing_lines": 2, "excluded_lines": 0}, "missing_lines": [54, 93], "excluded_lines": [], "functions": {"HistoryBuffer.__init__": {"executed_lines": [53, 55, 56], "summary": {"covered_lines": 3, "num_statements": 4, "percent_covered": 75.0, "percent_covered_display": "75", "missing_lines": 1, "excluded_lines": 0}, "missing_lines": [54], "excluded_lines": []}, "HistoryBuffer.reset": {"executed_lines": [68, 69, 70, 71], "summary": {"covered_lines": 4, "num_statements": 4, "percent_covered": 100.0, "percent_covered_display": "100", "missing_lines": 0, "excluded_lines": 0}, "missing_lines": [], "excluded_lines": []}, "HistoryBuffer.push": {"executed_lines": [80], "summary": {"covered_lines": 1, "num_statements": 1, "percent_covered": 100.0, "percent_covered_display": "100", "missing_lines": 0, "excluded_lines": 0}, "missing_lines": [], "excluded_lines": []}, "HistoryBuffer.get_frames": {"executed_lines": [90], "summary": {"covered_lines": 1, "num_statements": 1, "percent_covered": 100.0, "percent_covered_display": "100", "missing_lines": 0, "excluded_lines": 0}, "missing_lines": [], "excluded_lines": []}, "HistoryBuffer.__len__": {"executed_lines": [], "summary": {"covered_lines": 0, "num_statements": 1, "percent_covered": 0.0, "percent_covered_display": "0", "missing_lines": 1, "excluded_lines": 0}, "missing_lines": [93], "excluded_lines": []}, "_shallow_copy_board": {"executed_lines": [103], "summary": {"covered_lines": 1, "num_statements": 1, "percent_covered": 100.0, "percent_covered_display": "100", "missing_lines": 0, "excluded_lines": 0}, "missing_lines": [], "excluded_lines": []}, "": {"executed_lines": [1, 25, 27, 28, 30, 33, 36, 37, 52, 58, 73, 82, 92, 96], "summary": {"covered_lines": 12, "num_statements": 12, "percent_covered": 100.0, "percent_covered_display": "100", "missing_lines": 0, "excluded_lines": 0}, "missing_lines": [], "excluded_lines": []}}, "classes": {"HistoryBuffer": {"executed_lines": [53, 55, 56, 68, 69, 70, 71, 80, 90], "summary": {"covered_lines": 9, "num_statements": 11, "percent_covered": 81.81818181818181, "percent_covered_display": "82", "missing_lines": 2, "excluded_lines": 0}, "missing_lines": [54, 93], "excluded_lines": []}, "": {"executed_lines": [1, 25, 27, 28, 30, 33, 36, 37, 52, 58, 73, 82, 92, 96, 103], "summary": {"covered_lines": 13, "num_statements": 13, "percent_covered": 100.0, "percent_covered_display": "100", "missing_lines": 0, "excluded_lines": 0}, "missing_lines": [], "excluded_lines": []}}}, "hexwar/agents/neural/ppo_agent.py": {"executed_lines": [], "summary": {"covered_lines": 0, "num_statements": 95, "percent_covered": 0.0, "percent_covered_display": "0", "missing_lines": 95, "excluded_lines": 2}, "missing_lines": [21, 23, 24, 26, 27, 28, 29, 34, 35, 36, 37, 38, 41, 56, 64, 65, 66, 67, 68, 69, 75, 77, 78, 80, 82, 91, 92, 94, 95, 98, 99, 101, 102, 104, 105, 106, 108, 110, 111, 112, 113, 116, 125, 130, 131, 132, 135, 138, 140, 150, 151, 154, 155, 156, 157, 158, 159, 160, 162, 163, 164, 165, 167, 168, 171, 172, 175, 176, 177, 179, 180, 182, 184, 188, 189, 195, 201, 218, 222, 223, 224, 227, 228, 231, 232, 234, 237, 238, 239, 241, 247, 248, 250, 251, 252], "excluded_lines": [31, 32], "functions": {"PPOAgent.__init__": {"executed_lines": [], "summary": {"covered_lines": 0, "num_statements": 6, "percent_covered": 0.0, "percent_covered_display": "0", "missing_lines": 6, "excluded_lines": 0}, "missing_lines": [64, 65, 66, 67, 68, 69], "excluded_lines": []}, "PPOAgent.reset": {"executed_lines": [], "summary": {"covered_lines": 0, "num_statements": 3, "percent_covered": 0.0, "percent_covered_display": "0", "missing_lines": 3, "excluded_lines": 0}, "missing_lines": [77, 78, 80], "excluded_lines": []}, "PPOAgent.__call__": {"executed_lines": [], "summary": {"covered_lines": 0, "num_statements": 6, "percent_covered": 0.0, "percent_covered_display": "0", "missing_lines": 6, "excluded_lines": 0}, "missing_lines": [91, 92, 94, 95, 98, 99], "excluded_lines": []}, "PPOAgent._act": {"executed_lines": [], "summary": {"covered_lines": 0, "num_statements": 16, "percent_covered": 0.0, "percent_covered_display": "0", "missing_lines": 16, "excluded_lines": 0}, "missing_lines": [102, 104, 105, 106, 108, 110, 111, 112, 113, 116, 125, 130, 131, 132, 135, 138], "excluded_lines": []}, "PPOAgent._select_orders": {"executed_lines": [], "summary": {"covered_lines": 0, "num_statements": 27, "percent_covered": 0.0, "percent_covered_display": "0", "missing_lines": 27, "excluded_lines": 0}, "missing_lines": [150, 151, 154, 155, 156, 157, 158, 159, 160, 162, 163, 164, 165, 167, 168, 171, 172, 175, 176, 177, 179, 180, 182, 184, 188, 189, 195], "excluded_lines": []}, "PPOAgent.evaluate_actions": {"executed_lines": [], "summary": {"covered_lines": 0, "num_statements": 13, "percent_covered": 0.0, "percent_covered_display": "0", "missing_lines": 13, "excluded_lines": 0}, "missing_lines": [218, 222, 223, 224, 227, 228, 231, 232, 234, 237, 238, 239, 241], "excluded_lines": []}, "PPOAgent.save": {"executed_lines": [], "summary": {"covered_lines": 0, "num_statements": 1, "percent_covered": 0.0, "percent_covered_display": "0", "missing_lines": 1, "excluded_lines": 0}, "missing_lines": [248], "excluded_lines": []}, "PPOAgent.load": {"executed_lines": [], "summary": {"covered_lines": 0, "num_statements": 2, "percent_covered": 0.0, "percent_covered_display": "0", "missing_lines": 2, "excluded_lines": 0}, "missing_lines": [251, 252], "excluded_lines": []}, "": {"executed_lines": [], "summary": {"covered_lines": 0, "num_statements": 21, "percent_covered": 0.0, "percent_covered_display": "0", "missing_lines": 21, "excluded_lines": 2}, "missing_lines": [21, 23, 24, 26, 27, 28, 29, 34, 35, 36, 37, 38, 41, 56, 75, 82, 101, 140, 201, 247, 250], "excluded_lines": [31, 32]}}, "classes": {"PPOAgent": {"executed_lines": [], "summary": {"covered_lines": 0, "num_statements": 74, "percent_covered": 0.0, "percent_covered_display": "0", "missing_lines": 74, "excluded_lines": 0}, "missing_lines": [64, 65, 66, 67, 68, 69, 77, 78, 80, 91, 92, 94, 95, 98, 99, 102, 104, 105, 106, 108, 110, 111, 112, 113, 116, 125, 130, 131, 132, 135, 138, 150, 151, 154, 155, 156, 157, 158, 159, 160, 162, 163, 164, 165, 167, 168, 171, 172, 175, 176, 177, 179, 180, 182, 184, 188, 189, 195, 218, 222, 223, 224, 227, 228, 231, 232, 234, 237, 238, 239, 241, 248, 251, 252], "excluded_lines": []}, "": {"executed_lines": [], "summary": {"covered_lines": 0, "num_statements": 21, "percent_covered": 0.0, "percent_covered_display": "0", "missing_lines": 21, "excluded_lines": 2}, "missing_lines": [21, 23, 24, 26, 27, 28, 29, 34, 35, 36, 37, 38, 41, 56, 75, 82, 101, 140, 201, 247, 250], "excluded_lines": [31, 32]}}}, "hexwar/agents/random_agent.py": {"executed_lines": [1, 12, 14, 16, 17, 18, 21, 22, 24, 25, 27, 34, 35, 36, 37, 39, 44, 46, 47, 52], "summary": {"covered_lines": 18, "num_statements": 19, "percent_covered": 94.73684210526316, "percent_covered_display": "95", "missing_lines": 1, "excluded_lines": 0}, "missing_lines": [45], "excluded_lines": [], "functions": {"RandomAgent.__init__": {"executed_lines": [25], "summary": {"covered_lines": 1, "num_statements": 1, "percent_covered": 100.0, "percent_covered_display": "100", "missing_lines": 0, "excluded_lines": 0}, "missing_lines": [], "excluded_lines": []}, "RandomAgent.__call__": {"executed_lines": [34, 35, 36, 37, 39, 44, 46, 47, 52], "summary": {"covered_lines": 9, "num_statements": 10, "percent_covered": 90.0, "percent_covered_display": "90", "missing_lines": 1, "excluded_lines": 0}, "missing_lines": [45], "excluded_lines": []}, "": {"executed_lines": [1, 12, 14, 16, 17, 18, 21, 22, 24, 27], "summary": {"covered_lines": 8, "num_statements": 8, "percent_covered": 100.0, "percent_covered_display": "100", "missing_lines": 0, "excluded_lines": 0}, "missing_lines": [], "excluded_lines": []}}, "classes": {"RandomAgent": {"executed_lines": [25, 34, 35, 36, 37, 39, 44, 46, 47, 52], "summary": {"covered_lines": 10, "num_statements": 11, "percent_covered": 90.9090909090909, "percent_covered_display": "91", "missing_lines": 1, "excluded_lines": 0}, "missing_lines": [45], "excluded_lines": []}, "": {"executed_lines": [1, 12, 14, 16, 17, 18, 21, 22, 24, 27], "summary": {"covered_lines": 8, "num_statements": 8, "percent_covered": 100.0, "percent_covered_display": "100", "missing_lines": 0, "excluded_lines": 0}, "missing_lines": [], "excluded_lines": []}}}, "hexwar/engine/__init__.py": {"executed_lines": [1, 3, 10, 14, 15, 16, 17, 18, 19, 21], "summary": {"covered_lines": 9, "num_statements": 9, "percent_covered": 100.0, "percent_covered_display": "100", "missing_lines": 0, "excluded_lines": 0}, "missing_lines": [], "excluded_lines": [], "functions": {"": {"executed_lines": [1, 3, 10, 14, 15, 16, 17, 18, 19, 21], "summary": {"covered_lines": 9, "num_statements": 9, "percent_covered": 100.0, "percent_covered_display": "100", "missing_lines": 0, "excluded_lines": 0}, "missing_lines": [], "excluded_lines": []}}, "classes": {"": {"executed_lines": [1, 3, 10, 14, 15, 16, 17, 18, 19, 21], "summary": {"covered_lines": 9, "num_statements": 9, "percent_covered": 100.0, "percent_covered_display": "100", "missing_lines": 0, "excluded_lines": 0}, "missing_lines": [], "excluded_lines": []}}}, "hexwar/engine/board_generator.py": {"executed_lines": [1, 32, 34, 35, 36, 38, 39, 46, 47, 54, 59, 60, 61, 62, 64, 66, 67, 69, 70, 71, 73, 74, 75, 81, 82, 83, 84, 86, 89, 91, 93, 94, 95, 96, 97, 98, 99, 100, 101, 102, 103, 104, 107, 112, 113, 115, 116, 117, 122, 124, 130, 131, 132, 133, 134, 135, 136, 138, 140, 143, 152, 153, 154, 156, 157, 158, 159, 161, 162, 163, 164, 165, 166, 167, 168, 170, 171, 172, 174, 177, 182, 183, 184, 185, 186, 187, 188, 189, 196, 217, 218, 220, 221, 223, 224, 226, 227, 228, 238, 239, 241, 242, 243, 244, 245, 246, 248], "summary": {"covered_lines": 106, "num_statements": 107, "percent_covered": 99.06542056074767, "percent_covered_display": "99", "missing_lines": 1, "excluded_lines": 0}, "missing_lines": [92], "excluded_lines": [], "functions": {"_generate_blob": {"executed_lines": [59, 60, 61, 62, 64, 66, 67, 69, 70, 71, 73, 74, 75, 81, 82, 83, 84, 86], "summary": {"covered_lines": 18, "num_statements": 18, "percent_covered": 100.0, "percent_covered_display": "100", "missing_lines": 0, "excluded_lines": 0}, "missing_lines": [], "excluded_lines": []}, "_is_connected": {"executed_lines": [91, 93, 94, 95, 96, 97, 98, 99, 100, 101, 102, 103, 104], "summary": {"covered_lines": 13, "num_statements": 14, "percent_covered": 92.85714285714286, "percent_covered_display": "93", "missing_lines": 1, "excluded_lines": 0}, "missing_lines": [92], "excluded_lines": []}, "_punch_holes": {"executed_lines": [112, 113, 115, 124, 130, 131, 132, 133, 134, 135, 136, 138, 140], "summary": {"covered_lines": 13, "num_statements": 13, "percent_covered": 100.0, "percent_covered_display": "100", "missing_lines": 0, "excluded_lines": 0}, "missing_lines": [], "excluded_lines": []}, "_punch_holes._score": {"executed_lines": [116, 117, 122], "summary": {"covered_lines": 3, "num_statements": 3, "percent_covered": 100.0, "percent_covered_display": "100", "missing_lines": 0, "excluded_lines": 0}, "missing_lines": [], "excluded_lines": []}, "_place_start_tiles": {"executed_lines": [152, 153, 154, 156, 157, 158, 159, 161, 162, 163, 164, 165, 166, 167, 168, 170, 171, 172, 174], "summary": {"covered_lines": 19, "num_statements": 19, "percent_covered": 100.0, "percent_covered_display": "100", "missing_lines": 0, "excluded_lines": 0}, "missing_lines": [], "excluded_lines": []}, "_terrain_for": {"executed_lines": [182, 183, 184, 185, 186, 187, 188, 189], "summary": {"covered_lines": 8, "num_statements": 8, "percent_covered": 100.0, "percent_covered_display": "100", "missing_lines": 0, "excluded_lines": 0}, "missing_lines": [], "excluded_lines": []}, "generate_board": {"executed_lines": [217, 218, 220, 221, 223, 224, 226, 227, 228, 238, 239, 241, 242, 243, 244, 245, 246, 248], "summary": {"covered_lines": 18, "num_statements": 18, "percent_covered": 100.0, "percent_covered_display": "100", "missing_lines": 0, "excluded_lines": 0}, "missing_lines": [], "excluded_lines": []}, "": {"executed_lines": [1, 32, 34, 35, 36, 38, 39, 46, 47, 54, 89, 107, 143, 177, 196], "summary": {"covered_lines": 14, "num_statements": 14, "percent_covered": 100.0, "percent_covered_display": "100", "missing_lines": 0, "excluded_lines": 0}, "missing_lines": [], "excluded_lines": []}}, "classes": {"": {"executed_lines": [1, 32, 34, 35, 36, 38, 39, 46, 47, 54, 59, 60, 61, 62, 64, 66, 67, 69, 70, 71, 73, 74, 75, 81, 82, 83, 84, 86, 89, 91, 93, 94, 95, 96, 97, 98, 99, 100, 101, 102, 103, 104, 107, 112, 113, 115, 116, 117, 122, 124, 130, 131, 132, 133, 134, 135, 136, 138, 140, 143, 152, 153, 154, 156, 157, 158, 159, 161, 162, 163, 164, 165, 166, 167, 168, 170, 171, 172, 174, 177, 182, 183, 184, 185, 186, 187, 188, 189, 196, 217, 218, 220, 221, 223, 224, 226, 227, 228, 238, 239, 241, 242, 243, 244, 245, 246, 248], "summary": {"covered_lines": 106, "num_statements": 107, "percent_covered": 99.06542056074767, "percent_covered_display": "99", "missing_lines": 1, "excluded_lines": 0}, "missing_lines": [92], "excluded_lines": []}}}, "hexwar/engine/combat.py": {"executed_lines": [1, 20, 22, 24, 31, 32, 33, 34, 35, 36, 37, 38, 39, 40, 41, 42, 43, 50, 75, 76, 78, 79, 80, 82, 83, 86, 87, 102, 103, 104, 105, 107, 126, 140, 141, 144, 146, 148, 149, 150, 151, 153, 154, 158], "summary": {"covered_lines": 43, "num_statements": 43, "percent_covered": 100.0, "percent_covered_display": "100", "missing_lines": 0, "excluded_lines": 0}, "missing_lines": [], "excluded_lines": [], "functions": {"resolve_combat": {"executed_lines": [75, 76, 78, 79, 80, 82, 83, 86, 87, 102, 103, 104, 105, 107], "summary": {"covered_lines": 14, "num_statements": 14, "percent_covered": 100.0, "percent_covered_display": "100", "missing_lines": 0, "excluded_lines": 0}, "missing_lines": [], "excluded_lines": []}, "apply_combat_result": {"executed_lines": [140, 141, 144, 146, 148, 149, 150, 151, 153, 154, 158], "summary": {"covered_lines": 11, "num_statements": 11, "percent_covered": 100.0, "percent_covered_display": "100", "missing_lines": 0, "excluded_lines": 0}, "missing_lines": [], "excluded_lines": []}, "": {"executed_lines": [1, 20, 22, 24, 31, 32, 33, 34, 35, 36, 37, 38, 39, 40, 41, 42, 43, 50, 126], "summary": {"covered_lines": 18, "num_statements": 18, "percent_covered": 100.0, "percent_covered_display": "100", "missing_lines": 0, "excluded_lines": 0}, "missing_lines": [], "excluded_lines": []}}, "classes": {"CombatResult": {"executed_lines": [], "summary": {"covered_lines": 0, "num_statements": 0, "percent_covered": 100.0, "percent_covered_display": "100", "missing_lines": 0, "excluded_lines": 0}, "missing_lines": [], "excluded_lines": []}, "": {"executed_lines": [1, 20, 22, 24, 31, 32, 33, 34, 35, 36, 37, 38, 39, 40, 41, 42, 43, 50, 75, 76, 78, 79, 80, 82, 83, 86, 87, 102, 103, 104, 105, 107, 126, 140, 141, 144, 146, 148, 149, 150, 151, 153, 154, 158], "summary": {"covered_lines": 43, "num_statements": 43, "percent_covered": 100.0, "percent_covered_display": "100", "missing_lines": 0, "excluded_lines": 0}, "missing_lines": [], "excluded_lines": []}}}, "hexwar/engine/game_engine.py": {"executed_lines": [1, 21, 23, 24, 25, 26, 28, 33, 34, 35, 36, 45, 52, 55, 56, 77, 96, 97, 98, 99, 102, 103, 109, 120, 125, 126, 127, 136, 144, 145, 146, 153, 161, 164, 165, 166, 167, 173, 179, 180, 182, 183, 185, 186, 189, 191, 192, 193, 194, 195, 196, 198, 206, 207, 208, 211, 212, 213, 215, 216, 218, 220, 222, 223, 224, 226, 230, 232, 233, 234, 240], "summary": {"covered_lines": 69, "num_statements": 71, "percent_covered": 97.1830985915493, "percent_covered_display": "97", "missing_lines": 2, "excluded_lines": 0}, "missing_lines": [162, 247], "excluded_lines": [], "functions": {"HexWarEnv.__init__": {"executed_lines": [96, 97, 98, 99, 102, 103, 109, 120, 125, 126, 127], "summary": {"covered_lines": 11, "num_statements": 11, "percent_covered": 100.0, "percent_covered_display": "100", "missing_lines": 0, "excluded_lines": 0}, "missing_lines": [], "excluded_lines": []}, "HexWarEnv.run": {"executed_lines": [144, 145, 146], "summary": {"covered_lines": 3, "num_statements": 3, "percent_covered": 100.0, "percent_covered_display": "100", "missing_lines": 0, "excluded_lines": 0}, "missing_lines": [], "excluded_lines": []}, "HexWarEnv.step": {"executed_lines": [161, 164, 165, 166, 167], "summary": {"covered_lines": 5, "num_statements": 6, "percent_covered": 83.33333333333333, "percent_covered_display": "83", "missing_lines": 1, "excluded_lines": 0}, "missing_lines": [162], "excluded_lines": []}, "HexWarEnv._resolve_next_player": {"executed_lines": [179, 180, 182, 183, 185, 186, 189, 191, 192, 193, 194, 195, 196, 198, 206, 207, 208, 211, 212, 213, 215, 216], "summary": {"covered_lines": 22, "num_statements": 22, "percent_covered": 100.0, "percent_covered_display": "100", "missing_lines": 0, "excluded_lines": 0}, "missing_lines": [], "excluded_lines": []}, "HexWarEnv._do_generate_units": {"executed_lines": [220, 222, 223, 224, 226, 230], "summary": {"covered_lines": 6, "num_statements": 6, "percent_covered": 100.0, "percent_covered_display": "100", "missing_lines": 0, "excluded_lines": 0}, "missing_lines": [], "excluded_lines": []}, "HexWarEnv._end_game": {"executed_lines": [233, 234], "summary": {"covered_lines": 2, "num_statements": 2, "percent_covered": 100.0, "percent_covered_display": "100", "missing_lines": 0, "excluded_lines": 0}, "missing_lines": [], "excluded_lines": []}, "HexWarEnv.get_game_state": {"executed_lines": [], "summary": {"covered_lines": 0, "num_statements": 1, "percent_covered": 0.0, "percent_covered_display": "0", "missing_lines": 1, "excluded_lines": 0}, "missing_lines": [247], "excluded_lines": []}, "": {"executed_lines": [1, 21, 23, 24, 25, 26, 28, 33, 34, 35, 36, 45, 52, 55, 56, 77, 136, 153, 173, 218, 232, 240], "summary": {"covered_lines": 20, "num_statements": 20, "percent_covered": 100.0, "percent_covered_display": "100", "missing_lines": 0, "excluded_lines": 0}, "missing_lines": [], "excluded_lines": []}}, "classes": {"HexWarEnv": {"executed_lines": [96, 97, 98, 99, 102, 103, 109, 120, 125, 126, 127, 144, 145, 146, 161, 164, 165, 166, 167, 179, 180, 182, 183, 185, 186, 189, 191, 192, 193, 194, 195, 196, 198, 206, 207, 208, 211, 212, 213, 215, 216, 220, 222, 223, 224, 226, 230, 233, 234], "summary": {"covered_lines": 49, "num_statements": 51, "percent_covered": 96.07843137254902, "percent_covered_display": "96", "missing_lines": 2, "excluded_lines": 0}, "missing_lines": [162, 247], "excluded_lines": []}, "": {"executed_lines": [1, 21, 23, 24, 25, 26, 28, 33, 34, 35, 36, 45, 52, 55, 56, 77, 136, 153, 173, 218, 232, 240], "summary": {"covered_lines": 20, "num_statements": 20, "percent_covered": 100.0, "percent_covered_display": "100", "missing_lines": 0, "excluded_lines": 0}, "missing_lines": [], "excluded_lines": []}}}, "hexwar/engine/hex_utils.py": {"executed_lines": [1, 12, 14, 15, 21, 23, 26, 28, 29, 36, 42, 44, 50, 52, 59, 61, 62, 63, 70, 75, 76, 77, 80], "summary": {"covered_lines": 22, "num_statements": 29, "percent_covered": 75.86206896551724, "percent_covered_display": "76", "missing_lines": 7, "excluded_lines": 0}, "missing_lines": [85, 86, 87, 88, 89, 90, 94], "excluded_lines": [], "functions": {"hex_to_key": {"executed_lines": [23], "summary": {"covered_lines": 1, "num_statements": 1, "percent_covered": 100.0, "percent_covered_display": "100", "missing_lines": 0, "excluded_lines": 0}, "missing_lines": [], "excluded_lines": []}, "key_to_hex": {"executed_lines": [28, 29], "summary": {"covered_lines": 2, "num_statements": 2, "percent_covered": 100.0, "percent_covered_display": "100", "missing_lines": 0, "excluded_lines": 0}, "missing_lines": [], "excluded_lines": []}, "hex_neighbors": {"executed_lines": [44], "summary": {"covered_lines": 1, "num_statements": 1, "percent_covered": 100.0, "percent_covered_display": "100", "missing_lines": 0, "excluded_lines": 0}, "missing_lines": [], "excluded_lines": []}, "hex_neighbor_keys": {"executed_lines": [52], "summary": {"covered_lines": 1, "num_statements": 1, "percent_covered": 100.0, "percent_covered_display": "100", "missing_lines": 0, "excluded_lines": 0}, "missing_lines": [], "excluded_lines": []}, "hex_distance": {"executed_lines": [61, 62, 63], "summary": {"covered_lines": 3, "num_statements": 3, "percent_covered": 100.0, "percent_covered_display": "100", "missing_lines": 0, "excluded_lines": 0}, "missing_lines": [], "excluded_lines": []}, "axial_to_pixel": {"executed_lines": [75, 76, 77], "summary": {"covered_lines": 3, "num_statements": 3, "percent_covered": 100.0, "percent_covered_display": "100", "missing_lines": 0, "excluded_lines": 0}, "missing_lines": [], "excluded_lines": []}, "hex_corners": {"executed_lines": [], "summary": {"covered_lines": 0, "num_statements": 7, "percent_covered": 0.0, "percent_covered_display": "0", "missing_lines": 7, "excluded_lines": 0}, "missing_lines": [85, 86, 87, 88, 89, 90, 94], "excluded_lines": []}, "": {"executed_lines": [1, 12, 14, 15, 21, 26, 36, 42, 50, 59, 70, 80], "summary": {"covered_lines": 11, "num_statements": 11, "percent_covered": 100.0, "percent_covered_display": "100", "missing_lines": 0, "excluded_lines": 0}, "missing_lines": [], "excluded_lines": []}}, "classes": {"": {"executed_lines": [1, 12, 14, 15, 21, 23, 26, 28, 29, 36, 42, 44, 50, 52, 59, 61, 62, 63, 70, 75, 76, 77, 80], "summary": {"covered_lines": 22, "num_statements": 29, "percent_covered": 75.86206896551724, "percent_covered_display": "76", "missing_lines": 7, "excluded_lines": 0}, "missing_lines": [85, 86, 87, 88, 89, 90, 94], "excluded_lines": []}}}, "hexwar/engine/turn_resolver.py": {"executed_lines": [1, 16, 18, 19, 21, 22, 23, 24, 31, 32, 33, 34, 35, 36, 37, 38, 41, 42, 43, 44, 45, 46, 47, 54, 76, 77, 78, 79, 80, 82, 83, 84, 87, 88, 92, 93, 94, 98, 99, 103, 104, 105, 107, 114, 118, 119, 120, 121, 123, 124, 125, 126, 127, 128, 129, 132, 135, 136, 138, 140, 149, 150, 151, 152, 153, 154, 155, 156, 158, 159, 167], "summary": {"covered_lines": 69, "num_statements": 72, "percent_covered": 95.83333333333333, "percent_covered_display": "96", "missing_lines": 3, "excluded_lines": 0}, "missing_lines": [85, 89, 115], "excluded_lines": [], "functions": {"resolve_player_turn": {"executed_lines": [76, 77, 78, 79, 80, 82, 83, 84, 87, 88, 92, 93, 94, 98, 99, 103, 104, 105, 107, 114, 118, 119, 120, 121, 123, 124, 125, 126, 127, 128, 129, 132, 135, 136, 138, 140, 149, 150, 151, 152, 153, 154, 155, 156, 158, 159, 167], "summary": {"covered_lines": 47, "num_statements": 50, "percent_covered": 94.0, "percent_covered_display": "94", "missing_lines": 3, "excluded_lines": 0}, "missing_lines": [85, 89, 115], "excluded_lines": []}, "": {"executed_lines": [1, 16, 18, 19, 21, 22, 23, 24, 31, 32, 33, 34, 35, 36, 37, 38, 41, 42, 43, 44, 45, 46, 47, 54], "summary": {"covered_lines": 22, "num_statements": 22, "percent_covered": 100.0, "percent_covered_display": "100", "missing_lines": 0, "excluded_lines": 0}, "missing_lines": [], "excluded_lines": []}}, "classes": {"MoveEvent": {"executed_lines": [], "summary": {"covered_lines": 0, "num_statements": 0, "percent_covered": 100.0, "percent_covered_display": "100", "missing_lines": 0, "excluded_lines": 0}, "missing_lines": [], "excluded_lines": []}, "TurnResult": {"executed_lines": [], "summary": {"covered_lines": 0, "num_statements": 0, "percent_covered": 100.0, "percent_covered_display": "100", "missing_lines": 0, "excluded_lines": 0}, "missing_lines": [], "excluded_lines": []}, "": {"executed_lines": [1, 16, 18, 19, 21, 22, 23, 24, 31, 32, 33, 34, 35, 36, 37, 38, 41, 42, 43, 44, 45, 46, 47, 54, 76, 77, 78, 79, 80, 82, 83, 84, 87, 88, 92, 93, 94, 98, 99, 103, 104, 105, 107, 114, 118, 119, 120, 121, 123, 124, 125, 126, 127, 128, 129, 132, 135, 136, 138, 140, 149, 150, 151, 152, 153, 154, 155, 156, 158, 159, 167], "summary": {"covered_lines": 69, "num_statements": 72, "percent_covered": 95.83333333333333, "percent_covered_display": "96", "missing_lines": 3, "excluded_lines": 0}, "missing_lines": [85, 89, 115], "excluded_lines": []}}}, "hexwar/engine/types.py": {"executed_lines": [1, 11, 13, 14, 15, 22, 23, 24, 25, 32, 34, 41, 42, 43, 44, 45, 46, 47, 48, 49, 57, 64, 65, 66, 69, 70, 71, 72, 73, 74, 75, 79, 81, 90, 97, 100, 101, 102, 103, 104, 108, 111, 118, 125, 126, 127, 128, 135, 136, 137, 138, 139, 140, 141, 142, 143, 150, 151, 152, 153, 154, 155, 156, 157, 158, 159, 161, 162, 165, 166, 174, 175, 176, 177, 178, 179], "summary": {"covered_lines": 75, "num_statements": 77, "percent_covered": 97.40259740259741, "percent_covered_display": "97", "missing_lines": 2, "excluded_lines": 0}, "missing_lines": [163, 167], "excluded_lines": [], "functions": {"GameState.live_players": {"executed_lines": [], "summary": {"covered_lines": 0, "num_statements": 1, "percent_covered": 0.0, "percent_covered_display": "0", "missing_lines": 1, "excluded_lines": 0}, "missing_lines": [163], "excluded_lines": []}, "GameState.ai_players": {"executed_lines": [], "summary": {"covered_lines": 0, "num_statements": 1, "percent_covered": 0.0, "percent_covered_display": "0", "missing_lines": 1, "excluded_lines": 0}, "missing_lines": [167], "excluded_lines": []}, "": {"executed_lines": [1, 11, 13, 14, 15, 22, 23, 24, 25, 32, 34, 41, 42, 43, 44, 45, 46, 47, 48, 49, 57, 64, 65, 66, 69, 70, 71, 72, 73, 74, 75, 79, 81, 90, 97, 100, 101, 102, 103, 104, 108, 111, 118, 125, 126, 127, 128, 135, 136, 137, 138, 139, 140, 141, 142, 143, 150, 151, 152, 153, 154, 155, 156, 157, 158, 159, 161, 162, 165, 166, 174, 175, 176, 177, 178, 179], "summary": {"covered_lines": 75, "num_statements": 75, "percent_covered": 100.0, "percent_covered_display": "100", "missing_lines": 0, "excluded_lines": 0}, "missing_lines": [], "excluded_lines": []}}, "classes": {"AxialCoord": {"executed_lines": [], "summary": {"covered_lines": 0, "num_statements": 0, "percent_covered": 100.0, "percent_covered_display": "100", "missing_lines": 0, "excluded_lines": 0}, "missing_lines": [], "excluded_lines": []}, "Tile": {"executed_lines": [], "summary": {"covered_lines": 0, "num_statements": 0, "percent_covered": 100.0, "percent_covered_display": "100", "missing_lines": 0, "excluded_lines": 0}, "missing_lines": [], "excluded_lines": []}, "PlayerType": {"executed_lines": [], "summary": {"covered_lines": 0, "num_statements": 0, "percent_covered": 100.0, "percent_covered_display": "100", "missing_lines": 0, "excluded_lines": 0}, "missing_lines": [], "excluded_lines": []}, "Player": {"executed_lines": [], "summary": {"covered_lines": 0, "num_statements": 0, "percent_covered": 100.0, "percent_covered_display": "100", "missing_lines": 0, "excluded_lines": 0}, "missing_lines": [], "excluded_lines": []}, "MovementOrder": {"executed_lines": [], "summary": {"covered_lines": 0, "num_statements": 0, "percent_covered": 100.0, "percent_covered_display": "100", "missing_lines": 0, "excluded_lines": 0}, "missing_lines": [], "excluded_lines": []}, "TurnState": {"executed_lines": [], "summary": {"covered_lines": 0, "num_statements": 0, "percent_covered": 100.0, "percent_covered_display": "100", "missing_lines": 0, "excluded_lines": 0}, "missing_lines": [], "excluded_lines": []}, "PlayerStats": {"executed_lines": [], "summary": {"covered_lines": 0, "num_statements": 0, "percent_covered": 100.0, "percent_covered_display": "100", "missing_lines": 0, "excluded_lines": 0}, "missing_lines": [], "excluded_lines": []}, "GameState": {"executed_lines": [], "summary": {"covered_lines": 0, "num_statements": 2, "percent_covered": 0.0, "percent_covered_display": "0", "missing_lines": 2, "excluded_lines": 0}, "missing_lines": [163, 167], "excluded_lines": []}, "GameResult": {"executed_lines": [], "summary": {"covered_lines": 0, "num_statements": 0, "percent_covered": 100.0, "percent_covered_display": "100", "missing_lines": 0, "excluded_lines": 0}, "missing_lines": [], "excluded_lines": []}, "": {"executed_lines": [1, 11, 13, 14, 15, 22, 23, 24, 25, 32, 34, 41, 42, 43, 44, 45, 46, 47, 48, 49, 57, 64, 65, 66, 69, 70, 71, 72, 73, 74, 75, 79, 81, 90, 97, 100, 101, 102, 103, 104, 108, 111, 118, 125, 126, 127, 128, 135, 136, 137, 138, 139, 140, 141, 142, 143, 150, 151, 152, 153, 154, 155, 156, 157, 158, 159, 161, 162, 165, 166, 174, 175, 176, 177, 178, 179], "summary": {"covered_lines": 75, "num_statements": 75, "percent_covered": 100.0, "percent_covered_display": "100", "missing_lines": 0, "excluded_lines": 0}, "missing_lines": [], "excluded_lines": []}}}, "hexwar/engine/unit_generator.py": {"executed_lines": [1, 12, 14, 16, 19, 36, 37, 38, 39, 40, 42, 43, 44, 45], "summary": {"covered_lines": 13, "num_statements": 13, "percent_covered": 100.0, "percent_covered_display": "100", "missing_lines": 0, "excluded_lines": 0}, "missing_lines": [], "excluded_lines": [], "functions": {"generate_units": {"executed_lines": [36, 37, 38, 39, 40, 42, 43, 44, 45], "summary": {"covered_lines": 9, "num_statements": 9, "percent_covered": 100.0, "percent_covered_display": "100", "missing_lines": 0, "excluded_lines": 0}, "missing_lines": [], "excluded_lines": []}, "": {"executed_lines": [1, 12, 14, 16, 19], "summary": {"covered_lines": 4, "num_statements": 4, "percent_covered": 100.0, "percent_covered_display": "100", "missing_lines": 0, "excluded_lines": 0}, "missing_lines": [], "excluded_lines": []}}, "classes": {"": {"executed_lines": [1, 12, 14, 16, 19, 36, 37, 38, 39, 40, 42, 43, 44, 45], "summary": {"covered_lines": 13, "num_statements": 13, "percent_covered": 100.0, "percent_covered_display": "100", "missing_lines": 0, "excluded_lines": 0}, "missing_lines": [], "excluded_lines": []}}}, "hexwar/engine/win_condition.py": {"executed_lines": [1, 11, 13, 16, 32, 33, 35, 37, 41, 42, 45, 46, 48, 51, 67, 68], "summary": {"covered_lines": 15, "num_statements": 15, "percent_covered": 100.0, "percent_covered_display": "100", "missing_lines": 0, "excluded_lines": 0}, "missing_lines": [], "excluded_lines": [], "functions": {"check_win": {"executed_lines": [32, 33, 35, 37, 41, 42, 45, 46, 48], "summary": {"covered_lines": 9, "num_statements": 9, "percent_covered": 100.0, "percent_covered_display": "100", "missing_lines": 0, "excluded_lines": 0}, "missing_lines": [], "excluded_lines": []}, "check_eliminations": {"executed_lines": [67, 68], "summary": {"covered_lines": 2, "num_statements": 2, "percent_covered": 100.0, "percent_covered_display": "100", "missing_lines": 0, "excluded_lines": 0}, "missing_lines": [], "excluded_lines": []}, "": {"executed_lines": [1, 11, 13, 16, 51], "summary": {"covered_lines": 4, "num_statements": 4, "percent_covered": 100.0, "percent_covered_display": "100", "missing_lines": 0, "excluded_lines": 0}, "missing_lines": [], "excluded_lines": []}}, "classes": {"": {"executed_lines": [1, 11, 13, 16, 32, 33, 35, 37, 41, 42, 45, 46, 48, 51, 67, 68], "summary": {"covered_lines": 15, "num_statements": 15, "percent_covered": 100.0, "percent_covered_display": "100", "missing_lines": 0, "excluded_lines": 0}, "missing_lines": [], "excluded_lines": []}}}, "hexwar/evaluation/__init__.py": {"executed_lines": [], "summary": {"covered_lines": 0, "num_statements": 0, "percent_covered": 100.0, "percent_covered_display": "100", "missing_lines": 0, "excluded_lines": 0}, "missing_lines": [], "excluded_lines": [], "functions": {"": {"executed_lines": [], "summary": {"covered_lines": 0, "num_statements": 0, "percent_covered": 100.0, "percent_covered_display": "100", "missing_lines": 0, "excluded_lines": 0}, "missing_lines": [], "excluded_lines": []}}, "classes": {"": {"executed_lines": [], "summary": {"covered_lines": 0, "num_statements": 0, "percent_covered": 100.0, "percent_covered_display": "100", "missing_lines": 0, "excluded_lines": 0}, "missing_lines": [], "excluded_lines": []}}}, "hexwar/evaluation/elo.py": {"executed_lines": [], "summary": {"covered_lines": 0, "num_statements": 40, "percent_covered": 0.0, "percent_covered_display": "0", "missing_lines": 40, "excluded_lines": 0}, "missing_lines": [16, 18, 19, 20, 23, 32, 33, 34, 35, 36, 38, 40, 42, 51, 52, 54, 55, 57, 58, 59, 60, 62, 64, 65, 66, 67, 69, 84, 85, 86, 87, 88, 89, 91, 93, 95, 96, 97, 98, 99], "excluded_lines": [], "functions": {"EloSystem.__init__": {"executed_lines": [], "summary": {"covered_lines": 0, "num_statements": 4, "percent_covered": 0.0, "percent_covered_display": "0", "missing_lines": 4, "excluded_lines": 0}, "missing_lines": [33, 34, 35, 36], "excluded_lines": []}, "EloSystem.expected_score": {"executed_lines": [], "summary": {"covered_lines": 0, "num_statements": 1, "percent_covered": 0.0, "percent_covered_display": "0", "missing_lines": 1, "excluded_lines": 0}, "missing_lines": [40], "excluded_lines": []}, "EloSystem.update": {"executed_lines": [], "summary": {"covered_lines": 0, "num_statements": 13, "percent_covered": 0.0, "percent_covered_display": "0", "missing_lines": 13, "excluded_lines": 0}, "missing_lines": [51, 52, 54, 55, 57, 58, 59, 60, 62, 64, 65, 66, 67], "excluded_lines": []}, "EloSystem.update_multiplayer": {"executed_lines": [], "summary": {"covered_lines": 0, "num_statements": 7, "percent_covered": 0.0, "percent_covered_display": "0", "missing_lines": 7, "excluded_lines": 0}, "missing_lines": [84, 85, 86, 87, 88, 89, 91], "excluded_lines": []}, "EloSystem.print_rankings": {"executed_lines": [], "summary": {"covered_lines": 0, "num_statements": 5, "percent_covered": 0.0, "percent_covered_display": "0", "missing_lines": 5, "excluded_lines": 0}, "missing_lines": [95, 96, 97, 98, 99], "excluded_lines": []}, "": {"executed_lines": [], "summary": {"covered_lines": 0, "num_statements": 10, "percent_covered": 0.0, "percent_covered_display": "0", "missing_lines": 10, "excluded_lines": 0}, "missing_lines": [16, 18, 19, 20, 23, 32, 38, 42, 69, 93], "excluded_lines": []}}, "classes": {"EloSystem": {"executed_lines": [], "summary": {"covered_lines": 0, "num_statements": 30, "percent_covered": 0.0, "percent_covered_display": "0", "missing_lines": 30, "excluded_lines": 0}, "missing_lines": [33, 34, 35, 36, 40, 51, 52, 54, 55, 57, 58, 59, 60, 62, 64, 65, 66, 67, 84, 85, 86, 87, 88, 89, 91, 95, 96, 97, 98, 99], "excluded_lines": []}, "": {"executed_lines": [], "summary": {"covered_lines": 0, "num_statements": 10, "percent_covered": 0.0, "percent_covered_display": "0", "missing_lines": 10, "excluded_lines": 0}, "missing_lines": [16, 18, 19, 20, 23, 32, 38, 42, 69, 93], "excluded_lines": []}}}, "hexwar/evaluation/tournament.py": {"executed_lines": [], "summary": {"covered_lines": 0, "num_statements": 48, "percent_covered": 0.0, "percent_covered_display": "0", "missing_lines": 48, "excluded_lines": 0}, "missing_lines": [22, 24, 25, 26, 28, 29, 30, 33, 34, 35, 36, 37, 38, 39, 41, 42, 43, 45, 46, 47, 49, 50, 51, 54, 75, 76, 77, 79, 81, 83, 84, 86, 90, 95, 100, 102, 103, 104, 105, 106, 107, 108, 110, 113, 115, 116, 117, 118], "excluded_lines": [], "functions": {"AgentStats.win_rate": {"executed_lines": [], "summary": {"covered_lines": 0, "num_statements": 1, "percent_covered": 0.0, "percent_covered_display": "0", "missing_lines": 1, "excluded_lines": 0}, "missing_lines": [43], "excluded_lines": []}, "AgentStats.avg_turns": {"executed_lines": [], "summary": {"covered_lines": 0, "num_statements": 1, "percent_covered": 0.0, "percent_covered_display": "0", "missing_lines": 1, "excluded_lines": 0}, "missing_lines": [47], "excluded_lines": []}, "AgentStats.avg_tiles": {"executed_lines": [], "summary": {"covered_lines": 0, "num_statements": 1, "percent_covered": 0.0, "percent_covered_display": "0", "missing_lines": 1, "excluded_lines": 0}, "missing_lines": [51], "excluded_lines": []}, "run_tournament": {"executed_lines": [], "summary": {"covered_lines": 0, "num_statements": 19, "percent_covered": 0.0, "percent_covered_display": "0", "missing_lines": 19, "excluded_lines": 0}, "missing_lines": [75, 76, 77, 79, 81, 83, 84, 86, 90, 95, 100, 102, 103, 104, 105, 106, 107, 108, 110], "excluded_lines": []}, "print_tournament_results": {"executed_lines": [], "summary": {"covered_lines": 0, "num_statements": 4, "percent_covered": 0.0, "percent_covered_display": "0", "missing_lines": 4, "excluded_lines": 0}, "missing_lines": [115, 116, 117, 118], "excluded_lines": []}, "": {"executed_lines": [], "summary": {"covered_lines": 0, "num_statements": 22, "percent_covered": 0.0, "percent_covered_display": "0", "missing_lines": 22, "excluded_lines": 0}, "missing_lines": [22, 24, 25, 26, 28, 29, 30, 33, 34, 35, 36, 37, 38, 39, 41, 42, 45, 46, 49, 50, 54, 113], "excluded_lines": []}}, "classes": {"AgentStats": {"executed_lines": [], "summary": {"covered_lines": 0, "num_statements": 3, "percent_covered": 0.0, "percent_covered_display": "0", "missing_lines": 3, "excluded_lines": 0}, "missing_lines": [43, 47, 51], "excluded_lines": []}, "": {"executed_lines": [], "summary": {"covered_lines": 0, "num_statements": 45, "percent_covered": 0.0, "percent_covered_display": "0", "missing_lines": 45, "excluded_lines": 0}, "missing_lines": [22, 24, 25, 26, 28, 29, 30, 33, 34, 35, 36, 37, 38, 39, 41, 42, 45, 46, 49, 50, 54, 75, 76, 77, 79, 81, 83, 84, 86, 90, 95, 100, 102, 103, 104, 105, 106, 107, 108, 110, 113, 115, 116, 117, 118], "excluded_lines": []}}}, "hexwar/training/__init__.py": {"executed_lines": [], "summary": {"covered_lines": 0, "num_statements": 0, "percent_covered": 100.0, "percent_covered_display": "100", "missing_lines": 0, "excluded_lines": 0}, "missing_lines": [], "excluded_lines": [], "functions": {"": {"executed_lines": [], "summary": {"covered_lines": 0, "num_statements": 0, "percent_covered": 100.0, "percent_covered_display": "100", "missing_lines": 0, "excluded_lines": 0}, "missing_lines": [], "excluded_lines": []}}, "classes": {"": {"executed_lines": [], "summary": {"covered_lines": 0, "num_statements": 0, "percent_covered": 100.0, "percent_covered_display": "100", "missing_lines": 0, "excluded_lines": 0}, "missing_lines": [], "excluded_lines": []}}}, "hexwar/training/ppo_trainer.py": {"executed_lines": [], "summary": {"covered_lines": 0, "num_statements": 107, "percent_covered": 0.0, "percent_covered_display": "0", "missing_lines": 107, "excluded_lines": 0}, "missing_lines": [26, 28, 30, 31, 32, 33, 34, 36, 37, 40, 56, 68, 69, 70, 71, 72, 73, 74, 75, 76, 78, 79, 82, 84, 95, 96, 97, 99, 100, 102, 103, 104, 105, 106, 108, 110, 111, 112, 113, 114, 115, 116, 117, 118, 119, 120, 122, 123, 125, 132, 133, 134, 136, 138, 141, 142, 143, 144, 146, 147, 152, 153, 154, 156, 157, 158, 159, 160, 161, 162, 163, 165, 166, 168, 172, 173, 176, 177, 178, 181, 183, 184, 185, 187, 188, 190, 191, 192, 194, 196, 197, 198, 199, 201, 208, 209, 215, 216, 217, 218, 219, 221, 222, 223, 224, 225, 226], "excluded_lines": [], "functions": {"PPOTrainer.__init__": {"executed_lines": [], "summary": {"covered_lines": 0, "num_statements": 12, "percent_covered": 0.0, "percent_covered_display": "0", "missing_lines": 12, "excluded_lines": 0}, "missing_lines": [68, 69, 70, 71, 72, 73, 74, 75, 76, 78, 79, 82], "excluded_lines": []}, "PPOTrainer.update": {"executed_lines": [], "summary": {"covered_lines": 0, "num_statements": 29, "percent_covered": 0.0, "percent_covered_display": "0", "missing_lines": 29, "excluded_lines": 0}, "missing_lines": [95, 96, 97, 99, 100, 102, 103, 104, 105, 106, 108, 110, 111, 112, 113, 114, 115, 116, 117, 118, 119, 120, 122, 123, 125, 132, 133, 134, 136], "excluded_lines": []}, "PPOTrainer._update_batch": {"executed_lines": [], "summary": {"covered_lines": 0, "num_statements": 40, "percent_covered": 0.0, "percent_covered_display": "0", "missing_lines": 40, "excluded_lines": 0}, "missing_lines": [141, 142, 143, 144, 146, 147, 152, 153, 154, 156, 157, 158, 159, 160, 161, 162, 163, 165, 166, 168, 172, 173, 176, 177, 178, 181, 183, 184, 185, 187, 188, 190, 191, 192, 194, 196, 197, 198, 199, 201], "excluded_lines": []}, "PPOTrainer.save_checkpoint": {"executed_lines": [], "summary": {"covered_lines": 0, "num_statements": 1, "percent_covered": 0.0, "percent_covered_display": "0", "missing_lines": 1, "excluded_lines": 0}, "missing_lines": [209], "excluded_lines": []}, "PPOTrainer.load_checkpoint": {"executed_lines": [], "summary": {"covered_lines": 0, "num_statements": 4, "percent_covered": 0.0, "percent_covered_display": "0", "missing_lines": 4, "excluded_lines": 0}, "missing_lines": [216, 217, 218, 219], "excluded_lines": []}, "PPOTrainer.enable_tensorboard": {"executed_lines": [], "summary": {"covered_lines": 0, "num_statements": 5, "percent_covered": 0.0, "percent_covered_display": "0", "missing_lines": 5, "excluded_lines": 0}, "missing_lines": [222, 223, 224, 225, 226], "excluded_lines": []}, "": {"executed_lines": [], "summary": {"covered_lines": 0, "num_statements": 16, "percent_covered": 0.0, "percent_covered_display": "0", "missing_lines": 16, "excluded_lines": 0}, "missing_lines": [26, 28, 30, 31, 32, 33, 34, 36, 37, 40, 56, 84, 138, 208, 215, 221], "excluded_lines": []}}, "classes": {"PPOTrainer": {"executed_lines": [], "summary": {"covered_lines": 0, "num_statements": 91, "percent_covered": 0.0, "percent_covered_display": "0", "missing_lines": 91, "excluded_lines": 0}, "missing_lines": [68, 69, 70, 71, 72, 73, 74, 75, 76, 78, 79, 82, 95, 96, 97, 99, 100, 102, 103, 104, 105, 106, 108, 110, 111, 112, 113, 114, 115, 116, 117, 118, 119, 120, 122, 123, 125, 132, 133, 134, 136, 141, 142, 143, 144, 146, 147, 152, 153, 154, 156, 157, 158, 159, 160, 161, 162, 163, 165, 166, 168, 172, 173, 176, 177, 178, 181, 183, 184, 185, 187, 188, 190, 191, 192, 194, 196, 197, 198, 199, 201, 209, 216, 217, 218, 219, 222, 223, 224, 225, 226], "excluded_lines": []}, "": {"executed_lines": [], "summary": {"covered_lines": 0, "num_statements": 16, "percent_covered": 0.0, "percent_covered_display": "0", "missing_lines": 16, "excluded_lines": 0}, "missing_lines": [26, 28, 30, 31, 32, 33, 34, 36, 37, 40, 56, 84, 138, 208, 215, 221], "excluded_lines": []}}}, "hexwar/training/reward.py": {"executed_lines": [], "summary": {"covered_lines": 0, "num_statements": 40, "percent_covered": 0.0, "percent_covered_display": "0", "missing_lines": 40, "excluded_lines": 0}, "missing_lines": [20, 22, 24, 25, 28, 29, 30, 31, 32, 33, 34, 35, 36, 39, 42, 68, 71, 72, 73, 75, 78, 81, 84, 85, 88, 89, 90, 93, 98, 101, 102, 103, 106, 107, 108, 109, 110, 111, 113, 115], "excluded_lines": [], "functions": {"compute_step_reward": {"executed_lines": [], "summary": {"covered_lines": 0, "num_statements": 25, "percent_covered": 0.0, "percent_covered_display": "0", "missing_lines": 25, "excluded_lines": 0}, "missing_lines": [68, 71, 72, 73, 75, 78, 81, 84, 85, 88, 89, 90, 93, 98, 101, 102, 103, 106, 107, 108, 109, 110, 111, 113, 115], "excluded_lines": []}, "": {"executed_lines": [], "summary": {"covered_lines": 0, "num_statements": 15, "percent_covered": 0.0, "percent_covered_display": "0", "missing_lines": 15, "excluded_lines": 0}, "missing_lines": [20, 22, 24, 25, 28, 29, 30, 31, 32, 33, 34, 35, 36, 39, 42], "excluded_lines": []}}, "classes": {"RewardConfig": {"executed_lines": [], "summary": {"covered_lines": 0, "num_statements": 0, "percent_covered": 100.0, "percent_covered_display": "100", "missing_lines": 0, "excluded_lines": 0}, "missing_lines": [], "excluded_lines": []}, "": {"executed_lines": [], "summary": {"covered_lines": 0, "num_statements": 40, "percent_covered": 0.0, "percent_covered_display": "0", "missing_lines": 40, "excluded_lines": 0}, "missing_lines": [20, 22, 24, 25, 28, 29, 30, 31, 32, 33, 34, 35, 36, 39, 42, 68, 71, 72, 73, 75, 78, 81, 84, 85, 88, 89, 90, 93, 98, 101, 102, 103, 106, 107, 108, 109, 110, 111, 113, 115], "excluded_lines": []}}}, "hexwar/training/rollout_buffer.py": {"executed_lines": [], "summary": {"covered_lines": 0, "num_statements": 52, "percent_covered": 0.0, "percent_covered_display": "0", "missing_lines": 52, "excluded_lines": 2}, "missing_lines": [16, 18, 19, 21, 22, 28, 29, 31, 32, 33, 34, 35, 36, 37, 38, 41, 50, 51, 52, 53, 55, 56, 58, 59, 61, 62, 64, 71, 72, 73, 75, 76, 78, 79, 80, 81, 82, 84, 85, 87, 89, 90, 91, 93, 97, 98, 99, 101, 111, 112, 113, 114], "excluded_lines": [24, 25], "functions": {"RolloutBuffer.__init__": {"executed_lines": [], "summary": {"covered_lines": 0, "num_statements": 3, "percent_covered": 0.0, "percent_covered_display": "0", "missing_lines": 3, "excluded_lines": 0}, "missing_lines": [51, 52, 53], "excluded_lines": []}, "RolloutBuffer.add": {"executed_lines": [], "summary": {"covered_lines": 0, "num_statements": 1, "percent_covered": 0.0, "percent_covered_display": "0", "missing_lines": 1, "excluded_lines": 0}, "missing_lines": [56], "excluded_lines": []}, "RolloutBuffer.__len__": {"executed_lines": [], "summary": {"covered_lines": 0, "num_statements": 1, "percent_covered": 0.0, "percent_covered_display": "0", "missing_lines": 1, "excluded_lines": 0}, "missing_lines": [59], "excluded_lines": []}, "RolloutBuffer.clear": {"executed_lines": [], "summary": {"covered_lines": 0, "num_statements": 1, "percent_covered": 0.0, "percent_covered_display": "0", "missing_lines": 1, "excluded_lines": 0}, "missing_lines": [62], "excluded_lines": []}, "RolloutBuffer.compute_returns": {"executed_lines": [], "summary": {"covered_lines": 0, "num_statements": 20, "percent_covered": 0.0, "percent_covered_display": "0", "missing_lines": 20, "excluded_lines": 0}, "missing_lines": [71, 72, 73, 75, 76, 78, 79, 80, 81, 82, 84, 85, 87, 89, 90, 91, 93, 97, 98, 99], "excluded_lines": []}, "RolloutBuffer.iter_minibatches": {"executed_lines": [], "summary": {"covered_lines": 0, "num_statements": 4, "percent_covered": 0.0, "percent_covered_display": "0", "missing_lines": 4, "excluded_lines": 0}, "missing_lines": [111, 112, 113, 114], "excluded_lines": []}, "": {"executed_lines": [], "summary": {"covered_lines": 0, "num_statements": 22, "percent_covered": 0.0, "percent_covered_display": "0", "missing_lines": 22, "excluded_lines": 2}, "missing_lines": [16, 18, 19, 21, 22, 28, 29, 31, 32, 33, 34, 35, 36, 37, 38, 41, 50, 55, 58, 61, 64, 101], "excluded_lines": [24, 25]}}, "classes": {"Transition": {"executed_lines": [], "summary": {"covered_lines": 0, "num_statements": 0, "percent_covered": 100.0, "percent_covered_display": "100", "missing_lines": 0, "excluded_lines": 0}, "missing_lines": [], "excluded_lines": []}, "RolloutBuffer": {"executed_lines": [], "summary": {"covered_lines": 0, "num_statements": 30, "percent_covered": 0.0, "percent_covered_display": "0", "missing_lines": 30, "excluded_lines": 0}, "missing_lines": [51, 52, 53, 56, 59, 62, 71, 72, 73, 75, 76, 78, 79, 80, 81, 82, 84, 85, 87, 89, 90, 91, 93, 97, 98, 99, 111, 112, 113, 114], "excluded_lines": []}, "": {"executed_lines": [], "summary": {"covered_lines": 0, "num_statements": 22, "percent_covered": 0.0, "percent_covered_display": "0", "missing_lines": 22, "excluded_lines": 2}, "missing_lines": [16, 18, 19, 21, 22, 28, 29, 31, 32, 33, 34, 35, 36, 37, 38, 41, 50, 55, 58, 61, 64, 101], "excluded_lines": [24, 25]}}}, "hexwar/training/self_play.py": {"executed_lines": [], "summary": {"covered_lines": 0, "num_statements": 127, "percent_covered": 0.0, "percent_covered_display": "0", "missing_lines": 127, "excluded_lines": 0}, "missing_lines": [21, 23, 24, 26, 27, 28, 29, 30, 31, 32, 33, 34, 36, 37, 40, 56, 65, 66, 67, 68, 69, 70, 72, 80, 84, 85, 87, 88, 90, 92, 94, 95, 98, 99, 100, 101, 102, 104, 106, 109, 110, 111, 112, 113, 114, 115, 116, 117, 118, 120, 121, 122, 123, 124, 126, 127, 129, 130, 132, 133, 134, 135, 136, 137, 139, 141, 142, 143, 144, 145, 147, 148, 157, 162, 163, 164, 166, 167, 170, 171, 172, 173, 174, 175, 176, 178, 179, 180, 181, 182, 183, 184, 186, 187, 189, 190, 191, 194, 195, 196, 197, 198, 199, 200, 201, 202, 203, 204, 207, 208, 210, 218, 219, 220, 222, 223, 224, 226, 237, 240, 241, 242, 243, 254, 255, 256, 258], "excluded_lines": [], "functions": {"SelfPlayCollector.__init__": {"executed_lines": [], "summary": {"covered_lines": 0, "num_statements": 6, "percent_covered": 0.0, "percent_covered_display": "0", "missing_lines": 6, "excluded_lines": 0}, "missing_lines": [65, 66, 67, 68, 69, 70], "excluded_lines": []}, "SelfPlayCollector.collect": {"executed_lines": [], "summary": {"covered_lines": 0, "num_statements": 6, "percent_covered": 0.0, "percent_covered_display": "0", "missing_lines": 6, "excluded_lines": 0}, "missing_lines": [80, 84, 85, 87, 88, 90], "excluded_lines": []}, "SelfPlayCollector._run_episode": {"executed_lines": [], "summary": {"covered_lines": 0, "num_statements": 97, "percent_covered": 0.0, "percent_covered_display": "0", "missing_lines": 97, "excluded_lines": 0}, "missing_lines": [94, 95, 98, 99, 100, 101, 102, 104, 106, 109, 110, 111, 112, 113, 114, 115, 116, 117, 118, 120, 121, 122, 123, 124, 126, 127, 129, 130, 132, 133, 134, 135, 136, 137, 139, 141, 142, 143, 144, 145, 147, 148, 157, 162, 163, 164, 166, 167, 170, 171, 172, 173, 174, 175, 176, 178, 179, 180, 181, 182, 183, 184, 186, 187, 189, 190, 191, 194, 195, 196, 197, 198, 199, 200, 201, 202, 203, 204, 207, 208, 210, 218, 219, 220, 222, 223, 224, 226, 237, 240, 241, 242, 243, 254, 255, 256, 258], "excluded_lines": []}, "": {"executed_lines": [], "summary": {"covered_lines": 0, "num_statements": 18, "percent_covered": 0.0, "percent_covered_display": "0", "missing_lines": 18, "excluded_lines": 0}, "missing_lines": [21, 23, 24, 26, 27, 28, 29, 30, 31, 32, 33, 34, 36, 37, 40, 56, 72, 92], "excluded_lines": []}}, "classes": {"SelfPlayCollector": {"executed_lines": [], "summary": {"covered_lines": 0, "num_statements": 109, "percent_covered": 0.0, "percent_covered_display": "0", "missing_lines": 109, "excluded_lines": 0}, "missing_lines": [65, 66, 67, 68, 69, 70, 80, 84, 85, 87, 88, 90, 94, 95, 98, 99, 100, 101, 102, 104, 106, 109, 110, 111, 112, 113, 114, 115, 116, 117, 118, 120, 121, 122, 123, 124, 126, 127, 129, 130, 132, 133, 134, 135, 136, 137, 139, 141, 142, 143, 144, 145, 147, 148, 157, 162, 163, 164, 166, 167, 170, 171, 172, 173, 174, 175, 176, 178, 179, 180, 181, 182, 183, 184, 186, 187, 189, 190, 191, 194, 195, 196, 197, 198, 199, 200, 201, 202, 203, 204, 207, 208, 210, 218, 219, 220, 222, 223, 224, 226, 237, 240, 241, 242, 243, 254, 255, 256, 258], "excluded_lines": []}, "": {"executed_lines": [], "summary": {"covered_lines": 0, "num_statements": 18, "percent_covered": 0.0, "percent_covered_display": "0", "missing_lines": 18, "excluded_lines": 0}, "missing_lines": [21, 23, 24, 26, 27, 28, 29, 30, 31, 32, 33, 34, 36, 37, 40, 56, 72, 92], "excluded_lines": []}}}}, "totals": {"covered_lines": 564, "num_statements": 1398, "percent_covered": 40.34334763948498, "percent_covered_display": "40", "missing_lines": 834, "excluded_lines": 12}}